2023-02-12 23:15:41 DEBUG TelegramBot:32 - test 4j
2023-02-12 23:21:52 DEBUG TelegramBot:34 - test lombok log4j
2023-02-12 23:27:11 DEBUG TelegramBot:35 - Hello
2023-02-16 22:32:47 DEBUG TelegramBot:35 - привет
2023-02-16 22:38:16 DEBUG TelegramBot:35 - При
2023-02-20 23:20:35 DEBUG UpdateProducerImpl:13 - Hello
2023-02-20 23:20:53 DEBUG UpdateProducerImpl:13 - 
2023-02-20 23:21:04 DEBUG UpdateProducerImpl:13 - Unsupported message type is received
2023-02-20 23:21:16 ERROR UpdateController:37 - Unsupported message type is received: Update(updateId=780886826, message=null, inlineQuery=null, chosenInlineQuery=null, callbackQuery=null, editedMessage=Message(messageId=20, from=User(id=788835675, firstName=Halfar, isBot=false, lastName=null, userName=null, languageCode=ru, canJoinGroups=null, canReadAllGroupMessages=null, supportInlineQueries=null, isPremium=null, addedToAttachmentMenu=null), date=1676917266, chat=Chat(id=788835675, type=private, title=null, firstName=Halfar, lastName=null, userName=null, photo=null, description=null, inviteLink=null, pinnedMessage=null, stickerSetName=null, canSetStickerSet=null, permissions=null, slowModeDelay=null, bio=null, linkedChatId=null, location=null, messageAutoDeleteTime=null, hasPrivateForwards=null, HasProtectedContent=null, joinToSendMessages=null, joinByRequest=null), forwardFrom=null, forwardFromChat=null, forwardDate=null, text=Unsupported message type is receivedggg, entities=null, captionEntities=null, audio=null, document=null, photo=null, sticker=null, video=null, contact=null, location=null, venue=null, animation=null, pinnedMessage=null, newChatMembers=[], leftChatMember=null, newChatTitle=null, newChatPhoto=null, deleteChatPhoto=null, groupchatCreated=null, replyToMessage=null, voice=null, caption=null, superGroupCreated=null, channelChatCreated=null, migrateToChatId=null, migrateFromChatId=null, editDate=1676917278, game=null, forwardFromMessageId=null, invoice=null, successfulPayment=null, videoNote=null, authorSignature=null, forwardSignature=null, mediaGroupId=null, connectedWebsite=null, passportData=null, forwardSenderName=null, poll=null, replyMarkup=null, dice=null, viaBot=null, senderChat=null, proximityAlertTriggered=null, messageAutoDeleteTimerChanged=null, isAutomaticForward=null, hasProtectedContent=null, webAppData=null, videoChatStarted=null, videoChatEnded=null, videoChatParticipantsInvited=null, videoChatScheduled=null), channelPost=null, editedChannelPost=null, shippingQuery=null, preCheckoutQuery=null, poll=null, pollAnswer=null, myChatMember=null, chatMember=null, chatJoinRequest=null)
2023-02-20 23:33:28 DEBUG UpdateProducerImpl:13 - Привет
2023-02-20 23:33:39 DEBUG UpdateProducerImpl:13 - 
2023-02-20 23:33:46 DEBUG UpdateProducerImpl:13 - Привет
2023-02-20 23:33:52 ERROR UpdateController:37 - Unsupported message type is received: Update(updateId=780886830, message=null, inlineQuery=null, chosenInlineQuery=null, callbackQuery=null, editedMessage=Message(messageId=24, from=User(id=788835675, firstName=Halfar, isBot=false, lastName=null, userName=null, languageCode=ru, canJoinGroups=null, canReadAllGroupMessages=null, supportInlineQueries=null, isPremium=null, addedToAttachmentMenu=null), date=1676918028, chat=Chat(id=788835675, type=private, title=null, firstName=Halfar, lastName=null, userName=null, photo=null, description=null, inviteLink=null, pinnedMessage=null, stickerSetName=null, canSetStickerSet=null, permissions=null, slowModeDelay=null, bio=null, linkedChatId=null, location=null, messageAutoDeleteTime=null, hasPrivateForwards=null, HasProtectedContent=null, joinToSendMessages=null, joinByRequest=null), forwardFrom=null, forwardFromChat=null, forwardDate=null, text=Привет333, entities=null, captionEntities=null, audio=null, document=null, photo=null, sticker=null, video=null, contact=null, location=null, venue=null, animation=null, pinnedMessage=null, newChatMembers=[], leftChatMember=null, newChatTitle=null, newChatPhoto=null, deleteChatPhoto=null, groupchatCreated=null, replyToMessage=null, voice=null, caption=null, superGroupCreated=null, channelChatCreated=null, migrateToChatId=null, migrateFromChatId=null, editDate=1676918034, game=null, forwardFromMessageId=null, invoice=null, successfulPayment=null, videoNote=null, authorSignature=null, forwardSignature=null, mediaGroupId=null, connectedWebsite=null, passportData=null, forwardSenderName=null, poll=null, replyMarkup=null, dice=null, viaBot=null, senderChat=null, proximityAlertTriggered=null, messageAutoDeleteTimerChanged=null, isAutomaticForward=null, hasProtectedContent=null, webAppData=null, videoChatStarted=null, videoChatEnded=null, videoChatParticipantsInvited=null, videoChatScheduled=null), channelPost=null, editedChannelPost=null, shippingQuery=null, preCheckoutQuery=null, poll=null, pollAnswer=null, myChatMember=null, chatMember=null, chatJoinRequest=null)
2023-03-07 21:33:33 DEBUG UpdateProducerImpl:13 - прив
2023-03-07 21:33:41 DEBUG UpdateProducerImpl:13 - паыв
2023-03-07 21:42:25 DEBUG UpdateProducerImpl:13 - аа
2023-03-07 21:42:49 DEBUG UpdateProducerImpl:13 - 66555
2023-03-07 21:48:05 DEBUG UpdateProducerImpl:13 - test
2023-03-07 21:48:31 DEBUG UpdateProducerImpl:13 - test
2023-03-07 21:48:48 DEBUG UpdateProducerImpl:13 - dsdffsd
2023-03-07 21:49:22 DEBUG UpdateProducerImpl:13 - v
2023-03-07 21:49:30 DEBUG UpdateProducerImpl:13 - ll
2023-03-07 21:49:43 DEBUG UpdateProducerImpl:13 - jkh
2023-03-07 21:49:56 DEBUG UpdateProducerImpl:13 - test
2023-03-07 21:50:18 DEBUG UpdateProducerImpl:13 - hh
2023-03-07 21:50:23 DEBUG UpdateProducerImpl:13 - est
2023-03-07 21:50:25 DEBUG UpdateProducerImpl:13 - test
2023-03-07 21:50:54 ERROR UpdateController:37 - Unsupported message type is received: Update(updateId=780886845, message=null, inlineQuery=null, chosenInlineQuery=null, callbackQuery=null, editedMessage=Message(messageId=38, from=User(id=788835675, firstName=Halfar, isBot=false, lastName=null, userName=null, languageCode=ru, canJoinGroups=null, canReadAllGroupMessages=null, supportInlineQueries=null, isPremium=null, addedToAttachmentMenu=null), date=1678207826, chat=Chat(id=788835675, type=private, title=null, firstName=Halfar, lastName=null, userName=null, photo=null, description=null, inviteLink=null, pinnedMessage=null, stickerSetName=null, canSetStickerSet=null, permissions=null, slowModeDelay=null, bio=null, linkedChatId=null, location=null, messageAutoDeleteTime=null, hasPrivateForwards=null, HasProtectedContent=null, joinToSendMessages=null, joinByRequest=null), forwardFrom=null, forwardFromChat=null, forwardDate=null, text=test11, entities=null, captionEntities=null, audio=null, document=null, photo=null, sticker=null, video=null, contact=null, location=null, venue=null, animation=null, pinnedMessage=null, newChatMembers=[], leftChatMember=null, newChatTitle=null, newChatPhoto=null, deleteChatPhoto=null, groupchatCreated=null, replyToMessage=null, voice=null, caption=null, superGroupCreated=null, channelChatCreated=null, migrateToChatId=null, migrateFromChatId=null, editDate=1678207854, game=null, forwardFromMessageId=null, invoice=null, successfulPayment=null, videoNote=null, authorSignature=null, forwardSignature=null, mediaGroupId=null, connectedWebsite=null, passportData=null, forwardSenderName=null, poll=null, replyMarkup=null, dice=null, viaBot=null, senderChat=null, proximityAlertTriggered=null, messageAutoDeleteTimerChanged=null, isAutomaticForward=null, hasProtectedContent=null, webAppData=null, videoChatStarted=null, videoChatEnded=null, videoChatParticipantsInvited=null, videoChatScheduled=null), channelPost=null, editedChannelPost=null, shippingQuery=null, preCheckoutQuery=null, poll=null, pollAnswer=null, myChatMember=null, chatMember=null, chatJoinRequest=null)
2023-03-08 12:14:57 DEBUG UpdateProducerImpl:13 - новый IntelliJIdea
2023-03-09 21:43:07 DEBUG UpdateProducerImpl:19 - test rabbit
2023-03-09 21:52:54 DEBUG UpdateProducerImpl:19 - 12
2023-03-09 21:52:59 ERROR UpdateController:37 - Unsupported message type is received: Update(updateId=780886850, message=null, inlineQuery=null, chosenInlineQuery=null, callbackQuery=null, editedMessage=Message(messageId=42, from=User(id=788835675, firstName=Halfar, isBot=false, lastName=null, userName=null, languageCode=ru, canJoinGroups=null, canReadAllGroupMessages=null, supportInlineQueries=null, isPremium=null, addedToAttachmentMenu=null), date=1678380774, chat=Chat(id=788835675, type=private, title=null, firstName=Halfar, lastName=null, userName=null, photo=null, description=null, inviteLink=null, pinnedMessage=null, stickerSetName=null, canSetStickerSet=null, permissions=null, slowModeDelay=null, bio=null, linkedChatId=null, location=null, messageAutoDeleteTime=null, hasPrivateForwards=null, HasProtectedContent=null, joinToSendMessages=null, joinByRequest=null), forwardFrom=null, forwardFromChat=null, forwardDate=null, text=1233, entities=null, captionEntities=null, audio=null, document=null, photo=null, sticker=null, video=null, contact=null, location=null, venue=null, animation=null, pinnedMessage=null, newChatMembers=[], leftChatMember=null, newChatTitle=null, newChatPhoto=null, deleteChatPhoto=null, groupchatCreated=null, replyToMessage=null, voice=null, caption=null, superGroupCreated=null, channelChatCreated=null, migrateToChatId=null, migrateFromChatId=null, editDate=1678380780, game=null, forwardFromMessageId=null, invoice=null, successfulPayment=null, videoNote=null, authorSignature=null, forwardSignature=null, mediaGroupId=null, connectedWebsite=null, passportData=null, forwardSenderName=null, poll=null, replyMarkup=null, dice=null, viaBot=null, senderChat=null, proximityAlertTriggered=null, messageAutoDeleteTimerChanged=null, isAutomaticForward=null, hasProtectedContent=null, webAppData=null, videoChatStarted=null, videoChatEnded=null, videoChatParticipantsInvited=null, videoChatScheduled=null), channelPost=null, editedChannelPost=null, shippingQuery=null, preCheckoutQuery=null, poll=null, pollAnswer=null, myChatMember=null, chatMember=null, chatJoinRequest=null)
2023-03-09 22:27:37 DEBUG UpdateProducerImpl:19 - 1111
2023-03-09 22:49:07 DEBUG UpdateProducerImpl:19 - 2222
2023-03-09 22:52:17 DEBUG UpdateProducerImpl:19 - 3333
2023-03-09 22:57:48 DEBUG UpdateProducerImpl:19 - 4
2023-03-11 10:33:50 DEBUG UpdateProducerImpl:19 - 5
2023-03-11 10:36:33 DEBUG UpdateProducerImpl:19 - Это тест после запуска контейнера докер
2023-03-11 10:37:03 DEBUG UpdateProducerImpl:19 - Еще один тест
2023-03-11 10:58:03 DEBUG UpdateProducerImpl:19 - 12
2023-03-11 12:12:54 DEBUG UpdateProducerImpl:19 - Hello from chat
2023-03-11 12:14:26 DEBUG UpdateProducerImpl:19 - hello from chat
2023-03-11 12:16:09 DEBUG UpdateProducerImpl:19 - 111
2023-03-11 12:17:53 DEBUG UpdateProducerImpl:19 - Hello from chat 2
2023-03-11 12:23:48 DEBUG UpdateProducerImpl:19 - 123
2023-03-11 12:39:32 DEBUG UpdateProducerImpl:19 - Hello
2023-03-11 12:39:36 DEBUG UpdateProducerImpl:19 - ghbdtn
2023-03-11 12:40:16 DEBUG UpdateProducerImpl:19 - hello
2023-03-11 12:40:47 DEBUG UpdateProducerImpl:19 - g
2023-03-11 12:40:59 DEBUG UpdateProducerImpl:19 - q
2023-03-11 12:44:48 DEBUG UpdateProducerImpl:19 - hello
2023-03-11 12:47:53 DEBUG UpdateProducerImpl:19 - 888
2023-03-11 12:48:48 DEBUG UpdateProducerImpl:19 - 888
2023-03-11 15:46:10 DEBUG UpdateProducerImpl:19 - 1
2023-03-11 15:46:24 DEBUG UpdateProducerImpl:19 - 333
2023-03-11 15:47:08 DEBUG UpdateProducerImpl:19 - 
2023-03-11 16:22:52 DEBUG UpdateProducerImpl:19 - /start
2023-03-11 16:23:08 DEBUG UpdateProducerImpl:19 - hello
2023-03-11 16:53:03 DEBUG UpdateProducerImpl:19 - 1
2023-03-11 16:55:59 DEBUG UpdateProducerImpl:19 - 
2023-03-11 16:59:46 DEBUG UpdateProducerImpl:19 - 111
2023-03-11 17:07:18 DEBUG UpdateProducerImpl:19 - 111
2023-03-11 17:09:02 DEBUG UpdateProducerImpl:19 - hello
2023-03-11 17:10:49 DEBUG UpdateProducerImpl:19 - 1
2023-03-11 17:12:00 DEBUG UpdateProducerImpl:19 - 2
2023-03-11 17:21:47 DEBUG UpdateProducerImpl:19 - hello
2023-03-11 17:22:03 DEBUG UpdateProducerImpl:19 - 
2023-03-11 17:24:33 DEBUG UpdateProducerImpl:19 - 1
2023-03-11 17:47:28 DEBUG UpdateProducerImpl:19 - hello
2023-03-11 19:49:08 DEBUG UpdateProducerImpl:19 - Hello
2023-03-11 19:51:09 DEBUG UpdateProducerImpl:19 - Hello2
2023-03-11 19:54:31 DEBUG UpdateProducerImpl:19 - Hello_3
2023-03-11 21:34:58 DEBUG UpdateProducerImpl:19 - 1112233
2023-03-11 21:35:20 DEBUG UpdateProducerImpl:19 - hello
2023-03-13 19:30:14 DEBUG UpdateProducerImpl:19 - С
2023-03-13 19:30:33 DEBUG UpdateProducerImpl:19 - 123
2023-03-13 19:31:36 DEBUG UpdateProducerImpl:19 - 123123
2023-03-13 21:35:17 DEBUG UpdateProducerImpl:19 - test user
2023-03-14 23:31:26 ERROR UpdateController:37 - Unsupported message type is received: Update(updateId=780886897, message=null, inlineQuery=null, chosenInlineQuery=null, callbackQuery=null, editedMessage=null, channelPost=null, editedChannelPost=null, shippingQuery=null, preCheckoutQuery=null, poll=null, pollAnswer=null, myChatMember=ChatMemberUpdated(chat=Chat(id=788835675, type=private, title=null, firstName=Halfar, lastName=null, userName=null, photo=null, description=null, inviteLink=null, pinnedMessage=null, stickerSetName=null, canSetStickerSet=null, permissions=null, slowModeDelay=null, bio=null, linkedChatId=null, location=null, messageAutoDeleteTime=null, hasPrivateForwards=null, HasProtectedContent=null, joinToSendMessages=null, joinByRequest=null), from=User(id=788835675, firstName=Halfar, isBot=false, lastName=null, userName=null, languageCode=ru, canJoinGroups=null, canReadAllGroupMessages=null, supportInlineQueries=null, isPremium=null, addedToAttachmentMenu=null), date=1678818686, oldChatMember=ChatMemberMember(status=member, user=User(id=6026592653, firstName=HalfarPogreb, isBot=true, lastName=null, userName=halfar_pogreb_bot, languageCode=null, canJoinGroups=null, canReadAllGroupMessages=null, supportInlineQueries=null, isPremium=null, addedToAttachmentMenu=null)), newChatMember=ChatMemberBanned(status=kicked, user=User(id=6026592653, firstName=HalfarPogreb, isBot=true, lastName=null, userName=halfar_pogreb_bot, languageCode=null, canJoinGroups=null, canReadAllGroupMessages=null, supportInlineQueries=null, isPremium=null, addedToAttachmentMenu=null), untilDate=0), inviteLink=null), chatMember=null, chatJoinRequest=null)
2023-03-14 23:31:28 ERROR UpdateController:37 - Unsupported message type is received: Update(updateId=780886898, message=null, inlineQuery=null, chosenInlineQuery=null, callbackQuery=null, editedMessage=null, channelPost=null, editedChannelPost=null, shippingQuery=null, preCheckoutQuery=null, poll=null, pollAnswer=null, myChatMember=ChatMemberUpdated(chat=Chat(id=788835675, type=private, title=null, firstName=Halfar, lastName=null, userName=null, photo=null, description=null, inviteLink=null, pinnedMessage=null, stickerSetName=null, canSetStickerSet=null, permissions=null, slowModeDelay=null, bio=null, linkedChatId=null, location=null, messageAutoDeleteTime=null, hasPrivateForwards=null, HasProtectedContent=null, joinToSendMessages=null, joinByRequest=null), from=User(id=788835675, firstName=Halfar, isBot=false, lastName=null, userName=null, languageCode=ru, canJoinGroups=null, canReadAllGroupMessages=null, supportInlineQueries=null, isPremium=null, addedToAttachmentMenu=null), date=1678818688, oldChatMember=ChatMemberBanned(status=kicked, user=User(id=6026592653, firstName=HalfarPogreb, isBot=true, lastName=null, userName=halfar_pogreb_bot, languageCode=null, canJoinGroups=null, canReadAllGroupMessages=null, supportInlineQueries=null, isPremium=null, addedToAttachmentMenu=null), untilDate=0), newChatMember=ChatMemberMember(status=member, user=User(id=6026592653, firstName=HalfarPogreb, isBot=true, lastName=null, userName=halfar_pogreb_bot, languageCode=null, canJoinGroups=null, canReadAllGroupMessages=null, supportInlineQueries=null, isPremium=null, addedToAttachmentMenu=null)), inviteLink=null), chatMember=null, chatJoinRequest=null)
2023-03-14 23:31:28 DEBUG UpdateProducerImpl:19 - /start
2023-03-14 23:31:31 DEBUG UpdateProducerImpl:19 - /help
2023-03-14 23:31:38 DEBUG UpdateProducerImpl:19 - /cancel
2023-03-14 23:31:40 DEBUG UpdateProducerImpl:19 - /registration
2023-03-14 23:32:29 DEBUG UpdateProducerImpl:19 - 
2023-03-19 10:08:59 DEBUG UpdateProducerImpl:19 - 1
2023-03-19 10:09:42 DEBUG UpdateProducerImpl:19 - 
2023-03-19 10:16:22 DEBUG UpdateProducerImpl:19 - 
2023-03-19 10:29:13 DEBUG UpdateProducerImpl:19 - 
2023-03-19 10:30:59 DEBUG UpdateProducerImpl:19 - 
2023-03-19 10:43:59 DEBUG UpdateProducerImpl:19 - 
2023-03-19 10:47:22 DEBUG UpdateProducerImpl:19 - 
2023-03-19 10:51:26 DEBUG UpdateProducerImpl:19 - 1
2023-03-19 10:51:28 DEBUG UpdateProducerImpl:19 - /help
2023-03-19 10:51:36 DEBUG UpdateProducerImpl:19 - 
2023-03-19 21:33:07 DEBUG UpdateProducerImpl:19 - 
2023-03-19 23:02:39 DEBUG UpdateProducerImpl:19 - ghb
2023-03-19 23:03:12 DEBUG UpdateProducerImpl:19 - 
2023-03-19 23:04:27 DEBUG UpdateProducerImpl:19 - 
2023-03-19 23:06:10 DEBUG UpdateProducerImpl:19 - 
2023-03-19 23:06:31 DEBUG UpdateProducerImpl:19 - 
2023-03-19 23:08:28 DEBUG UpdateProducerImpl:19 - 
2023-03-19 23:11:51 DEBUG UpdateProducerImpl:19 - /help
2023-03-19 23:11:53 DEBUG UpdateProducerImpl:19 - /registration
2023-03-19 23:11:55 DEBUG UpdateProducerImpl:19 - /cancel
2023-03-19 23:13:42 DEBUG UpdateProducerImpl:19 - 
2023-03-19 23:15:24 DEBUG UpdateProducerImpl:19 - 
2023-03-20 14:29:09 DEBUG UpdateProducerImpl:19 - 
2023-03-20 14:29:57 DEBUG UpdateProducerImpl:19 - Ро
2023-03-20 14:30:01 DEBUG UpdateProducerImpl:19 - /help
2023-03-20 14:30:05 DEBUG UpdateProducerImpl:19 - /registration
2023-03-20 14:30:16 DEBUG UpdateProducerImpl:19 - 
2023-03-20 14:31:55 DEBUG UpdateProducerImpl:19 - 
2023-03-20 14:44:41 DEBUG UpdateProducerImpl:19 - 
2023-03-20 18:39:21 DEBUG UpdateProducerImpl:19 - Ghbdtn
2023-03-20 18:39:36 DEBUG UpdateProducerImpl:19 - 
2023-03-20 18:48:24 ERROR UpdateController:37 - Unsupported message type is received: Update(updateId=780886935, message=null, inlineQuery=null, chosenInlineQuery=null, callbackQuery=null, editedMessage=null, channelPost=null, editedChannelPost=null, shippingQuery=null, preCheckoutQuery=null, poll=null, pollAnswer=null, myChatMember=ChatMemberUpdated(chat=Chat(id=788835675, type=private, title=null, firstName=Halfar, lastName=null, userName=null, photo=null, description=null, inviteLink=null, pinnedMessage=null, stickerSetName=null, canSetStickerSet=null, permissions=null, slowModeDelay=null, bio=null, linkedChatId=null, location=null, messageAutoDeleteTime=null, hasPrivateForwards=null, HasProtectedContent=null, joinToSendMessages=null, joinByRequest=null), from=User(id=788835675, firstName=Halfar, isBot=false, lastName=null, userName=null, languageCode=ru, canJoinGroups=null, canReadAllGroupMessages=null, supportInlineQueries=null, isPremium=null, addedToAttachmentMenu=null), date=1679320104, oldChatMember=ChatMemberMember(status=member, user=User(id=6026592653, firstName=HalfarPogreb, isBot=true, lastName=null, userName=halfar_pogreb_bot, languageCode=null, canJoinGroups=null, canReadAllGroupMessages=null, supportInlineQueries=null, isPremium=null, addedToAttachmentMenu=null)), newChatMember=ChatMemberBanned(status=kicked, user=User(id=6026592653, firstName=HalfarPogreb, isBot=true, lastName=null, userName=halfar_pogreb_bot, languageCode=null, canJoinGroups=null, canReadAllGroupMessages=null, supportInlineQueries=null, isPremium=null, addedToAttachmentMenu=null), untilDate=0), inviteLink=null), chatMember=null, chatJoinRequest=null)
2023-03-20 18:48:27 ERROR UpdateController:37 - Unsupported message type is received: Update(updateId=780886936, message=null, inlineQuery=null, chosenInlineQuery=null, callbackQuery=null, editedMessage=null, channelPost=null, editedChannelPost=null, shippingQuery=null, preCheckoutQuery=null, poll=null, pollAnswer=null, myChatMember=ChatMemberUpdated(chat=Chat(id=788835675, type=private, title=null, firstName=Halfar, lastName=null, userName=null, photo=null, description=null, inviteLink=null, pinnedMessage=null, stickerSetName=null, canSetStickerSet=null, permissions=null, slowModeDelay=null, bio=null, linkedChatId=null, location=null, messageAutoDeleteTime=null, hasPrivateForwards=null, HasProtectedContent=null, joinToSendMessages=null, joinByRequest=null), from=User(id=788835675, firstName=Halfar, isBot=false, lastName=null, userName=null, languageCode=ru, canJoinGroups=null, canReadAllGroupMessages=null, supportInlineQueries=null, isPremium=null, addedToAttachmentMenu=null), date=1679320107, oldChatMember=ChatMemberBanned(status=kicked, user=User(id=6026592653, firstName=HalfarPogreb, isBot=true, lastName=null, userName=halfar_pogreb_bot, languageCode=null, canJoinGroups=null, canReadAllGroupMessages=null, supportInlineQueries=null, isPremium=null, addedToAttachmentMenu=null), untilDate=0), newChatMember=ChatMemberMember(status=member, user=User(id=6026592653, firstName=HalfarPogreb, isBot=true, lastName=null, userName=halfar_pogreb_bot, languageCode=null, canJoinGroups=null, canReadAllGroupMessages=null, supportInlineQueries=null, isPremium=null, addedToAttachmentMenu=null)), inviteLink=null), chatMember=null, chatJoinRequest=null)
2023-03-20 18:48:27 DEBUG UpdateProducerImpl:19 - /start
2023-03-20 18:48:39 DEBUG UpdateProducerImpl:19 - 
2023-03-20 19:05:06 DEBUG UpdateProducerImpl:19 - 
2023-03-20 19:06:05 DEBUG UpdateProducerImpl:19 - 
2023-03-20 19:08:00 DEBUG UpdateProducerImpl:19 - 
2023-03-20 19:08:53 DEBUG UpdateProducerImpl:19 - 
2023-03-20 19:09:52 DEBUG UpdateProducerImpl:19 - 
2023-03-20 19:11:22 DEBUG UpdateProducerImpl:19 - 
2023-03-20 19:12:01 DEBUG UpdateProducerImpl:19 - 
2023-03-20 19:12:59 DEBUG UpdateProducerImpl:19 - 
2023-03-20 19:45:37 DEBUG UpdateProducerImpl:19 - 
2023-03-20 21:47:34 DEBUG UpdateProducerImpl:19 - 
2023-03-24 20:20:55 DEBUG UpdateProducerImpl:19 - 1
2023-03-24 20:20:57 DEBUG UpdateProducerImpl:19 - /help
2023-03-24 20:21:00 DEBUG UpdateProducerImpl:19 - /cancel
2023-03-24 20:21:02 DEBUG UpdateProducerImpl:19 - /registration
2023-03-24 20:21:11 DEBUG UpdateProducerImpl:19 - 
2023-03-24 20:25:10 DEBUG UpdateProducerImpl:19 - 
2023-03-24 20:27:19 DEBUG UpdateProducerImpl:19 - 
2023-03-24 20:27:44 DEBUG UpdateProducerImpl:19 - 
2023-03-25 19:58:35 DEBUG UpdateProducerImpl:19 - 
